<?xml version="1.0" encoding="UTF-8"?>
<testng-results ignored="0" total="1" passed="1" failed="0" skipped="0">
  <reporter-output>
  </reporter-output>
  <suite started-at="2024-08-14T14:19:33 IST" name="Default suite" finished-at="2024-08-14T14:19:48 IST" duration-ms="15606">
    <groups>
    </groups>
    <test started-at="2024-08-14T14:19:33 IST" name="Default test" finished-at="2024-08-14T14:19:48 IST" duration-ms="15606">
      <class name="Pdftoword.Pdftoword">
        <test-method is-config="true" signature="beforeSuite()[pri:0, instance:Pdftoword.Pdftoword@2a8448fa]" started-at="2024-08-14T14:19:32 IST" name="beforeSuite" finished-at="2024-08-14T14:19:33 IST" duration-ms="1308" status="PASS">
          <reporter-output>
          </reporter-output>
        </test-method> <!-- beforeSuite -->
        <test-method is-config="true" signature="classess()[pri:0, instance:Pdftoword.Pdftoword@2a8448fa]" started-at="2024-08-14T14:19:33 IST" name="classess" finished-at="2024-08-14T14:19:34 IST" duration-ms="1069" status="PASS">
          <reporter-output>
          </reporter-output>
        </test-method> <!-- classess -->
        <test-method signature="f()[pri:0, instance:Pdftoword.Pdftoword@2a8448fa]" started-at="2024-08-14T14:19:34 IST" name="f" finished-at="2024-08-14T14:19:48 IST" duration-ms="14509" status="PASS">
          <reporter-output>
          </reporter-output>
        </test-method> <!-- f -->
        <test-method is-config="true" signature="afterSuite()[pri:0, instance:Pdftoword.Pdftoword@2a8448fa]" started-at="2024-08-14T14:19:48 IST" name="afterSuite" finished-at="2024-08-14T14:19:49 IST" duration-ms="252" status="PASS">
          <reporter-output>
          </reporter-output>
        </test-method> <!-- afterSuite -->
      </class> <!-- Pdftoword.Pdftoword -->
    </test> <!-- Default test -->
  </suite> <!-- Default suite -->
</testng-results>
